<?xml version="1.0" encoding="UTF-8"?>
<testsuite name="com.tekton.percentage.api.domain.usecase.HistoryUseCaseTest" tests="1" skipped="0" failures="0" errors="0" timestamp="2025-10-29T02:26:03" hostname="CRISTIAN-CARDENAS.local" time="0.014">
  <properties/>
  <testcase name="shouldGetHistory()" classname="com.tekton.percentage.api.domain.usecase.HistoryUseCaseTest" time="0.014"/>
  <system-out><![CDATA[]]></system-out>
  <system-err><![CDATA[]]></system-err>
</testsuite>
