<?xml version="1.0" encoding="UTF-8"?>
<testsuite name="com.tekton.percentage.api.domain.usecase.AsyncHistoryUseCaseTest" tests="1" skipped="0" failures="0" errors="0" timestamp="2025-10-29T02:26:02" hostname="CRISTIAN-CARDENAS.local" time="0.957">
  <properties/>
  <testcase name="shouldSaveHistory()" classname="com.tekton.percentage.api.domain.usecase.AsyncHistoryUseCaseTest" time="0.957"/>
  <system-out><![CDATA[21:26:03.619 [ForkJoinPool.commonPool-worker-1] INFO com.tekton.percentage.api.domain.usecase.AsyncHistoryUseCase -- Saving history for percentage PercentageModel(firstNumber=null, secondNumber=null)
]]></system-out>
  <system-err><![CDATA[WARNING: A Java agent has been loaded dynamically (/Users/cristian.cardenas/.gradle/caches/modules-2/files-2.1/net.bytebuddy/byte-buddy-agent/1.14.19/154da3a65b4f4a909d3e5bdec55d1b2b4cbb6ce1/byte-buddy-agent-1.14.19.jar)
WARNING: If a serviceability tool is in use, please run with -XX:+EnableDynamicAgentLoading to hide this warning
WARNING: If a serviceability tool is not in use, please run with -Djdk.instrument.traceUsage for more information
WARNING: Dynamic loading of agents will be disallowed by default in a future release
]]></system-err>
</testsuite>
