<?xml version="1.0" encoding="UTF-8"?>
<testsuite name="com.tekton.percentage.api.infraestructure.adapters.persistence.HistoryJPARepositoryImplTest" tests="2" skipped="0" failures="0" errors="0" timestamp="2025-10-29T02:26:03" hostname="CRISTIAN-CARDENAS.local" time="0.45">
  <properties/>
  <testcase name="shouldGetPercentageHistory()" classname="com.tekton.percentage.api.infraestructure.adapters.persistence.HistoryJPARepositoryImplTest" time="0.438"/>
  <testcase name="shouldSaveHistory()" classname="com.tekton.percentage.api.infraestructure.adapters.persistence.HistoryJPARepositoryImplTest" time="0.012"/>
  <system-out><![CDATA[]]></system-out>
  <system-err><![CDATA[]]></system-err>
</testsuite>
